<?xml version="1.0" encoding="UTF-8"?>
<!-- Generated by org.testng.reporters.JUnitReportReporter -->
<testsuite skipped="0" hostname="PROTOZOEA" name="logcheck.logmain.checklog" tests="2" failures="0" timestamp="24 May 2018 20:27:47 GMT" time="3.796" errors="0">
  <testcase name="getnumberoflinks" time="0.136" classname="logcheck.logmain.checklog"/>
  <testcase name="validinput" time="3.660" classname="logcheck.logmain.checklog"/>
</testsuite> <!-- logcheck.logmain.checklog -->
