<?xml version="1.0" encoding="UTF-8"?>
<!-- Generated by org.testng.reporters.JUnitReportReporter -->
<testsuite skipped="0" hostname="PROTOZOEA" name="logcheck.logmain.checklog" tests="2" failures="0" timestamp="27 May 2018 19:00:38 GMT" time="4.809" errors="0">
  <testcase name="getnumberoflinks" time="0.269" classname="logcheck.logmain.checklog"/>
  <testcase name="validinput" time="4.540" classname="logcheck.logmain.checklog"/>
</testsuite> <!-- logcheck.logmain.checklog -->
