<?xml version="1.0" encoding="UTF-8"?>
<!-- Generated by org.testng.reporters.JUnitReportReporter -->
<testsuite skipped="0" hostname="BDC6-D-352SVFF" name="Banking.DebitCard.AppTest" tests="1" failures="0" timestamp="15 May 2018 08:10:05 GMT" time="0.173" errors="0">
  <testcase name="hellome" time="0.173" classname="Banking.DebitCard.AppTest"/>
</testsuite> <!-- Banking.DebitCard.AppTest -->
