<?xml version="1.0" encoding="UTF-8"?>
<!-- Generated by org.testng.reporters.JUnitReportReporter -->
<testsuite name="Banking.DebitCard.sampletest" tests="1" time="2.178" ignored="0" failures="0" timestamp="22 May 2018 18:08:28 GMT" skipped="0" hostname="PROTOZOEA" errors="0">
  <testcase name="loginappcheck" time="2.178" classname="Banking.DebitCard.sampletest"/>
</testsuite> <!-- Banking.DebitCard.sampletest -->
