<?xml version="1.0" encoding="UTF-8"?>
<!-- Generated by org.testng.reporters.JUnitReportReporter -->
<testsuite name="Banking.DebitCard.Carparts" tests="3" time="0.017" ignored="12" failures="0" timestamp="15 May 2018 13:23:42 GMT" skipped="0" hostname="BDC6-D-352SVFF" errors="0">
  <testcase name="door" time="0.009" classname="Banking.DebitCard.Carparts"/>
  <testcase name="headlight" time="0.003" classname="Banking.DebitCard.Carparts"/>
  <testcase name="chechis" time="0.005" classname="Banking.DebitCard.Carparts"/>
  <testcase name="driver" classname="Banking.DebitCard.Carowner">
    <skipped/>
  </testcase> <!-- driver -->
  <testcase name="manufacture" classname="Banking.DebitCard.Cardetail">
    <skipped/>
  </testcase> <!-- manufacture -->
  <testcase name="country" classname="Banking.DebitCard.Cardetail">
    <skipped/>
  </testcase> <!-- country -->
  <testcase name="cost" classname="Banking.DebitCard.Cardetail">
    <skipped/>
  </testcase> <!-- cost -->
  <testcase name="importtax" classname="Banking.DebitCard.Cardetail">
    <skipped/>
  </testcase> <!-- importtax -->
  <testcase name="overallcost" classname="Banking.DebitCard.Cardetail">
    <skipped/>
  </testcase> <!-- overallcost -->
  <testcase name="tax" classname="Banking.DebitCard.Cardetail">
    <skipped/>
  </testcase> <!-- tax -->
  <testcase name="company" classname="Banking.DebitCard.Cardetail">
    <skipped/>
  </testcase> <!-- company -->
  <testcase name="shippingcost" classname="Banking.DebitCard.Cardetail">
    <skipped/>
  </testcase> <!-- shippingcost -->
  <testcase name="window" classname="Banking.DebitCard.Carparts">
    <skipped/>
  </testcase> <!-- window -->
  <testcase name="taillight" classname="Banking.DebitCard.Carparts">
    <skipped/>
  </testcase> <!-- taillight -->
  <testcase name="wheel" classname="Banking.DebitCard.Carparts">
    <skipped/>
  </testcase> <!-- wheel -->
</testsuite> <!-- Banking.DebitCard.Carparts -->
