<?xml version="1.0" encoding="UTF-8"?>
<!-- Generated by org.testng.reporters.JUnitReportReporter -->
<testsuite name="Banking.DebitCard.LoginTest" tests="1" time="0.677" ignored="0" failures="0" timestamp="18 May 2018 14:53:08 GMT" skipped="0" hostname="BDC6-D-352SVFF" errors="0">
  <testcase name="LoginApp" time="0.677" classname="Banking.DebitCard.LoginTest"/>
</testsuite> <!-- Banking.DebitCard.LoginTest -->
