<?xml version="1.0" encoding="UTF-8"?>
<!-- Generated by org.testng.reporters.JUnitReportReporter -->
<testsuite name="Banking.DebitCard.LoginTest" tests="1" time="0.139" ignored="0" failures="0" timestamp="19 May 2018 20:56:05 GMT" skipped="0" hostname="PROTOZOEA" errors="0">
  <testcase name="LoginApp" time="0.139" classname="Banking.DebitCard.LoginTest"/>
</testsuite> <!-- Banking.DebitCard.LoginTest -->
