<?xml version="1.0" encoding="UTF-8"?>
<!-- Generated by org.testng.reporters.JUnitReportReporter -->
<testsuite name="Banking.testbase" tests="1" time="0.031" ignored="0" failures="0" timestamp="22 May 2018 07:16:05 GMT" skipped="0" hostname="BDC6-D-352SVFF" errors="0">
  <testcase name="setup" time="0.031" classname="Banking.testbase"/>
</testsuite> <!-- Banking.testbase -->
