<?xml version="1.0" encoding="UTF-8"?>
<!-- Generated by org.testng.reporters.JUnitReportReporter -->
<testsuite name="Banking.DebitCard.sampletest" tests="1" time="2.458" ignored="0" failures="0" timestamp="22 May 2018 12:28:36 GMT" skipped="0" hostname="BDC6-D-352SVFF" errors="0">
  <testcase name="loginappcheck" time="2.458" classname="Banking.DebitCard.sampletest"/>
</testsuite> <!-- Banking.DebitCard.sampletest -->
