<?xml version="1.0" encoding="UTF-8"?>
<!-- Generated by org.testng.reporters.JUnitReportReporter -->
<testsuite name="Banking.DebitCard.Cardetail" tests="4" time="0.048" ignored="13" failures="0" timestamp="15 May 2018 13:20:19 GMT" skipped="0" hostname="BDC6-D-352SVFF" errors="0">
  <testcase name="manufacture" time="0.006" classname="Banking.DebitCard.Cardetail"/>
  <testcase name="company" time="0.007" classname="Banking.DebitCard.Cardetail"/>
  <testcase name="shippingcost" time="0.005" classname="Banking.DebitCard.Cardetail"/>
  <testcase name="country" time="0.030" classname="Banking.DebitCard.Cardetail"/>
  <testcase name="profession" classname="Banking.DebitCard.Carowner">
    <skipped/>
  </testcase> <!-- profession -->
  <testcase name="driver" classname="Banking.DebitCard.Carowner">
    <skipped/>
  </testcase> <!-- driver -->
  <testcase name="DOB" classname="Banking.DebitCard.Carowner">
    <skipped/>
  </testcase> <!-- DOB -->
  <testcase name="name" classname="Banking.DebitCard.Carowner">
    <skipped/>
  </testcase> <!-- name -->
  <testcase name="sex" classname="Banking.DebitCard.Carowner">
    <skipped/>
  </testcase> <!-- sex -->
  <testcase name="age" classname="Banking.DebitCard.Carowner">
    <skipped/>
  </testcase> <!-- age -->
  <testcase name="cost" classname="Banking.DebitCard.Cardetail">
    <skipped/>
  </testcase> <!-- cost -->
  <testcase name="importtax" classname="Banking.DebitCard.Cardetail">
    <skipped/>
  </testcase> <!-- importtax -->
  <testcase name="overallcost" classname="Banking.DebitCard.Cardetail">
    <skipped/>
  </testcase> <!-- overallcost -->
  <testcase name="tax" classname="Banking.DebitCard.Cardetail">
    <skipped/>
  </testcase> <!-- tax -->
  <testcase name="headlight" classname="Banking.DebitCard.Carparts">
    <skipped/>
  </testcase> <!-- headlight -->
  <testcase name="chechis" classname="Banking.DebitCard.Carparts">
    <skipped/>
  </testcase> <!-- chechis -->
  <testcase name="door" classname="Banking.DebitCard.Carparts">
    <skipped/>
  </testcase> <!-- door -->
</testsuite> <!-- Banking.DebitCard.Cardetail -->
