<?xml version="1.0" encoding="UTF-8"?>
<!-- Generated by org.testng.reporters.JUnitReportReporter -->
<testsuite name="Banking.DebitCard.LoginTest" tests="1" time="8.887" ignored="0" failures="0" timestamp="22 May 2018 11:05:56 GMT" skipped="0" hostname="BDC6-D-352SVFF" errors="0">
  <testcase name="LoginApp" time="8.887" classname="Banking.DebitCard.LoginTest"/>
</testsuite> <!-- Banking.DebitCard.LoginTest -->
