<?xml version="1.0" encoding="UTF-8"?>
<!-- Generated by org.testng.reporters.JUnitReportReporter -->
<testsuite skipped="0" hostname="PROTOZOEA" name="website.pagetest.LoginPage" tests="2" failures="0" timestamp="23 May 2018 20:21:08 GMT" time="3.980" errors="0">
  <testcase name="count_numberlink" time="0.162" classname="website.pagetest.LoginPage"/>
  <testcase name="mainbody" time="3.818" classname="website.pagetest.LoginPage"/>
</testsuite> <!-- website.pagetest.LoginPage -->
