<?xml version="1.0" encoding="UTF-8"?>
<!-- Generated by org.testng.reporters.JUnitReportReporter -->
<testsuite skipped="0" hostname="BDC6-D-352SVFF" name="test.ploan" tests="1" failures="0" timestamp="11 May 2018 11:39:20 GMT" time="0.004" errors="0">
  <testcase name="loaning_new" time="0.004" classname="test.ploan"/>
</testsuite> <!-- test.ploan -->
