<?xml version="1.0" encoding="UTF-8"?>
<!-- Generated by org.testng.reporters.JUnitReportReporter -->
<testsuite skipped="1" hostname="BDC6-D-352SVFF" name="car.Cardetail" tests="8" failures="0" timestamp="15 May 2018 10:44:25 GMT" time="0.035" errors="0">
  <testcase name="company" time="0.014" classname="car.Cardetail"/>
  <testcase name="importtax" time="0.002" classname="car.Cardetail"/>
  <testcase name="shippingcost" time="0.002" classname="car.Cardetail"/>
  <testcase name="cost" time="0.001" classname="car.Cardetail"/>
  <testcase name="country" time="0.006" classname="car.Cardetail"/>
  <testcase name="tax" time="0.003" classname="car.Cardetail"/>
  <testcase name="manufacture" time="0.007" classname="car.Cardetail"/>
  <testcase name="overallcost" classname="car.Cardetail">
    <skipped/>
  </testcase> <!-- overallcost -->
</testsuite> <!-- car.Cardetail -->
