<?xml version="1.0" encoding="UTF-8"?>
<!-- Generated by org.testng.reporters.JUnitReportReporter -->
<testsuite skipped="0" hostname="BDC6-D-352SVFF" name="car.Carparts" tests="12" failures="0" timestamp="15 May 2018 10:44:25 GMT" time="0.072" errors="0">
  <testcase name="door" time="0.003" classname="car.Carparts"/>
  <testcase name="wheel" time="0.001" classname="car.Carparts"/>
  <testcase name="window" time="0.003" classname="car.Carparts"/>
  <testcase name="door" time="0.003" classname="car.Carparts"/>
  <testcase name="chechis" time="0.002" classname="car.Carparts"/>
  <testcase name="headlight" time="0.002" classname="car.Carparts"/>
  <testcase name="taillight" time="0.023" classname="car.Carparts"/>
  <testcase name="wheel" time="0.002" classname="car.Carparts"/>
  <testcase name="headlight" time="0.005" classname="car.Carparts"/>
  <testcase name="window" time="0.005" classname="car.Carparts"/>
  <testcase name="chechis" time="0.020" classname="car.Carparts"/>
  <testcase name="taillight" time="0.003" classname="car.Carparts"/>
</testsuite> <!-- car.Carparts -->
