<?xml version="1.0" encoding="UTF-8"?>
<!-- Generated by org.testng.reporters.JUnitReportReporter -->
<testsuite skipped="0" hostname="BDC6-D-352SVFF" name="test.cloan" tests="6" failures="0" timestamp="11 May 2018 13:08:25 GMT" time="0.043" errors="0">
  <testcase name="cardoor" time="0.023" classname="test.cloan"/>
  <testcase name="companycar" time="0.005" classname="test.cloan"/>
  <testcase name="owner" time="0.006" classname="test.cloan"/>
  <testcase name="carwindow" time="0.003" classname="test.cloan"/>
  <testcase name="driver" time="0.002" classname="test.cloan"/>
  <testcase name="carfloor" time="0.004" classname="test.cloan"/>
</testsuite> <!-- test.cloan -->
