<?xml version="1.0" encoding="UTF-8"?>
<!-- Generated by org.testng.reporters.JUnitReportReporter -->
<testsuite skipped="0" hostname="BDC6-D-352SVFF" name="car.Carparts" tests="6" failures="0" timestamp="11 May 2018 14:23:36 GMT" time="0.063" errors="0">
  <testcase name="chechis" time="0.019" classname="car.Carparts"/>
  <testcase name="taillight" time="0.007" classname="car.Carparts"/>
  <testcase name="window" time="0.005" classname="car.Carparts"/>
  <testcase name="door" time="0.006" classname="car.Carparts"/>
  <testcase name="wheel" time="0.020" classname="car.Carparts"/>
  <testcase name="headlight" time="0.006" classname="car.Carparts"/>
</testsuite> <!-- car.Carparts -->
