<?xml version="1.0" encoding="UTF-8"?>
<!-- Generated by org.testng.reporters.JUnitReportReporter -->
<testsuite skipped="0" hostname="BDC6-D-352SVFF" name="test.learn" tests="2" failures="0" timestamp="28 May 2018 10:46:50 GMT" time="0.042" errors="0">
  <testcase name="age" time="0.036" classname="test.learn"/>
  <testcase name="name" time="0.006" classname="test.learn"/>
</testsuite> <!-- test.learn -->
