<?xml version="1.0" encoding="UTF-8"?>
<!-- Generated by org.testng.reporters.JUnitReportReporter -->
<testsuite skipped="0" hostname="BDC6-D-352SVFF" name="car.Carowner" tests="6" failures="0" timestamp="15 May 2018 10:44:25 GMT" time="0.026" errors="0">
  <testcase name="profession" time="0.003" classname="car.Carowner"/>
  <testcase name="age" time="0.003" classname="car.Carowner"/>
  <testcase name="name" time="0.004" classname="car.Carowner"/>
  <testcase name="DOB" time="0.002" classname="car.Carowner"/>
  <testcase name="driver" time="0.006" classname="car.Carowner"/>
  <testcase name="sex" time="0.008" classname="car.Carowner"/>
</testsuite> <!-- car.Carowner -->
