<?xml version="1.0" encoding="UTF-8"?>
<!-- Generated by org.testng.reporters.JUnitReportReporter -->
<testsuite skipped="0" hostname="BDC6-D-352SVFF" name="test.learn" tests="1" failures="0" timestamp="11 May 2018 11:39:20 GMT" time="0.030" errors="0">
  <testcase name="name" time="0.030" classname="test.learn"/>
</testsuite> <!-- test.learn -->
