<?xml version="1.0" encoding="UTF-8"?>
<!-- Generated by org.testng.reporters.JUnitReportReporter -->
<testsuite skipped="0" hostname="BDC6-D-352SVFF" name="test.hloan" tests="1" failures="0" timestamp="28 May 2018 10:48:04 GMT" time="0.005" errors="0">
  <testcase name="place" time="0.005" classname="test.hloan"/>
</testsuite> <!-- test.hloan -->
