<?xml version="1.0" encoding="UTF-8"?>
<!-- Generated by org.testng.reporters.JUnitReportReporter -->
<testsuite skipped="0" hostname="BDC6-D-352SVFF" name="car.Carowner" tests="6" failures="0" timestamp="28 May 2018 10:23:45 GMT" time="0.106" errors="0">
  <testcase name="age" time="0.013" classname="car.Carowner"/>
  <testcase name="driver" time="0.016" classname="car.Carowner"/>
  <testcase name="profession" time="0.011" classname="car.Carowner"/>
  <testcase name="DOB" time="0.054" classname="car.Carowner"/>
  <testcase name="sex" time="0.006" classname="car.Carowner"/>
  <testcase name="name" time="0.006" classname="car.Carowner"/>
</testsuite> <!-- car.Carowner -->
