<?xml version="1.0" encoding="UTF-8"?>
<!-- Generated by org.testng.reporters.JUnitReportReporter -->
<testsuite skipped="1" hostname="BDC6-D-352SVFF" name="car.Cardetail" tests="8" failures="0" timestamp="11 May 2018 14:40:47 GMT" time="0.034" errors="0">
  <testcase name="company" time="0.012" classname="car.Cardetail"/>
  <testcase name="importtax" time="0.008" classname="car.Cardetail"/>
  <testcase name="country" time="0.003" classname="car.Cardetail"/>
  <testcase name="tax" time="0.002" classname="car.Cardetail"/>
  <testcase name="cost" time="0.002" classname="car.Cardetail"/>
  <testcase name="shippingcost" time="0.003" classname="car.Cardetail"/>
  <testcase name="manufacture" time="0.004" classname="car.Cardetail"/>
  <testcase name="overallcost" classname="car.Cardetail">
    <skipped/>
  </testcase> <!-- overallcost -->
</testsuite> <!-- car.Cardetail -->
