<?xml version="1.0" encoding="UTF-8"?>
<!-- Generated by org.testng.reporters.JUnitReportReporter -->
<testsuite skipped="0" hostname="BDC6-D-352SVFF" name="excelcheck.Login" tests="1" failures="0" timestamp="31 May 2018 10:53:00 GMT" time="6.630" errors="0">
  <testcase name="login" time="6.630" classname="excelcheck.Login"/>
</testsuite> <!-- excelcheck.Login -->
