<?xml version="1.0" encoding="UTF-8"?>
<!-- Generated by org.testng.reporters.JUnitReportReporter -->
<testsuite skipped="0" hostname="BDC6-D-352SVFF" name="excelcheck.Readexcel" tests="1" failures="0" timestamp="31 May 2018 13:28:23 GMT" time="1.415" errors="0">
  <testcase name="readstuff" time="1.415" classname="excelcheck.Readexcel"/>
</testsuite> <!-- excelcheck.Readexcel -->
