<?xml version="1.0" encoding="UTF-8"?>
<!-- Generated by org.testng.reporters.JUnitReportReporter -->
<testsuite skipped="0" hostname="BDC6-D-352SVFF" name="testcases.login" tests="1" failures="0" timestamp="06 Jun 2018 13:20:55 GMT" time="13.598" errors="0">
  <testcase name="mainpage" time="13.598" classname="testcases.login"/>
</testsuite> <!-- testcases.login -->
