<?xml version="1.0" encoding="UTF-8"?>
<!-- Generated by org.testng.reporters.JUnitReportReporter -->
<testsuite skipped="0" hostname="BDC6-D-352SVFF" name="testcases.Testfilecheckertobedeleted" tests="1" failures="0" timestamp="11 Jun 2018 11:27:27 GMT" time="3.356" errors="0">
  <testcase name="login" time="3.356" classname="testcases.Testfilecheckertobedeleted"/>
</testsuite> <!-- testcases.Testfilecheckertobedeleted -->
