<?xml version="1.0" encoding="UTF-8"?>
<!-- Generated by org.testng.reporters.JUnitReportReporter -->
<testsuite skipped="0" hostname="PROTOZOEA" name="testcases.Testfilecheckertobedeleted" tests="1" failures="0" timestamp="17 Jun 2018 19:35:19 GMT" time="5.870" errors="0">
  <testcase name="gettext" time="5.870" classname="testcases.Testfilecheckertobedeleted"/>
</testsuite> <!-- testcases.Testfilecheckertobedeleted -->
