<?xml version="1.0" encoding="UTF-8"?>
<!-- Generated by org.testng.reporters.JUnitReportReporter -->
<testsuite skipped="0" hostname="BDC6-D-352SVFF" name="testcases.login" tests="1" failures="0" timestamp="07 Jun 2018 11:02:24 GMT" time="12.094" errors="0">
  <testcase name="mainpage" time="12.094" classname="testcases.login"/>
</testsuite> <!-- testcases.login -->
