<?xml version="1.0" encoding="UTF-8"?>
<!-- Generated by org.testng.reporters.JUnitReportReporter -->
<testsuite skipped="0" hostname="BDC6-D-352SVFF" name="com.test.Challenging_dom" tests="1" failures="0" timestamp="15 Jun 2018 09:51:51 GMT" time="29.433" errors="0">
  <testcase name="chaldom" time="29.433" classname="com.test.Challenging_dom"/>
</testsuite> <!-- com.test.Challenging_dom -->
