<?xml version="1.0" encoding="UTF-8"?>
<!-- Generated by org.testng.reporters.JUnitReportReporter -->
<testsuite skipped="0" hostname="BDC6-D-352SVFF" name="com.test.Checkbox" tests="1" failures="0" timestamp="15 Jun 2018 14:15:44 GMT" time="7.074" errors="0">
  <testcase name="click_checkbox" time="7.074" classname="com.test.Checkbox"/>
</testsuite> <!-- com.test.Checkbox -->
