<?xml version="1.0" encoding="UTF-8"?>
<!-- Generated by org.testng.reporters.JUnitReportReporter -->
<testsuite skipped="0" hostname="BDC6-D-352SVFF" name="com.test.Challenging_dom" tests="1" failures="0" timestamp="14 Jun 2018 13:23:13 GMT" time="34.745" errors="0">
  <testcase name="chaldom" time="34.745" classname="com.test.Challenging_dom"/>
</testsuite> <!-- com.test.Challenging_dom -->
