<?xml version="1.0" encoding="UTF-8"?>
<!-- Generated by org.testng.reporters.JUnitReportReporter -->
<testsuite skipped="0" hostname="BDC6-D-352SVFF" name="com.test.Dropdown" tests="1" failures="0" timestamp="18 Jun 2018 12:59:29 GMT" time="6.438" errors="0">
  <testcase name="selectstuff" time="6.438" classname="com.test.Dropdown"/>
</testsuite> <!-- com.test.Dropdown -->
