<?xml version="1.0" encoding="UTF-8"?>
<!-- Generated by org.testng.reporters.JUnitReportReporter -->
<testsuite skipped="0" hostname="BDC6-D-352SVFF" name="com.test.Draganddrop" tests="1" failures="0" timestamp="18 Jun 2018 14:41:41 GMT" time="22.048" errors="0">
  <testcase name="draganddrop" time="22.048" classname="com.test.Draganddrop"/>
</testsuite> <!-- com.test.Draganddrop -->
