<?xml version="1.0" encoding="UTF-8"?>
<!-- Generated by org.testng.reporters.JUnitReportReporter -->
<testsuite skipped="0" hostname="BDC6-D-352SVFF" name="com.test.BrokenImage" tests="1" failures="0" timestamp="13 Jun 2018 12:45:12 GMT" time="10.758" errors="0">
  <testcase name="brokimg" time="10.758" classname="com.test.BrokenImage"/>
</testsuite> <!-- com.test.BrokenImage -->
